[27/04/2026 10:50:22] - GALAXY_CMD: SISTEMA INICIALIZADO
[27/04/2026 10:50:42] - GALAXY_CMD: NOVO PERFIL: João
[27/04/2026 10:51:12] - GALAXY_CMD: SESSÃO ENCERRADA
[27/04/2026 10:51:19] - GALAXY_CMD: SISTEMA INICIALIZADO
[27/04/2026 10:51:24] - GALAXY_CMD: ACESSO ADM CONCEDIDO
[27/04/2026 10:53:33] - GALAXY_CMD: SISTEMA INICIALIZADO
[27/04/2026 10:53:44] - GALAXY_CMD: TENTATIVA DE INVASÃO: CREDENCIAIS INVÁLIDAS
[27/04/2026 10:54:16] - GALAXY_CMD: AUTENTICAÇÃO DE NÍVEL GALAXY CONCEDIDA
[27/04/2026 10:57:59] - GALAXY_CMD: SISTEMA INICIALIZADO
[27/04/2026 10:58:05] - GALAXY_CMD: AUTENTICAÇÃO DE NÍVEL MESTRE CONCEDIDA
[27/04/2026 10:59:05] - GALAXY_CMD: NOVO PERFIL: jefferson
[27/04/2026 10:59:23] - GALAXY_CMD: NOVO PERFIL: Jasmine
[27/04/2026 10:59:32] - GALAXY_CMD: AUTENTICAÇÃO DE NÍVEL MESTRE CONCEDIDA
[27/04/2026 10:59:46] - GALAXY_CMD: EXPURGO EXECUTADO: ID 2
[27/04/2026 11:00:13] - GALAXY_CMD: REESTRUTURAÇÃO: Jefferson
[27/04/2026 11:00:23] - GALAXY_CMD: SESSÃO ENCERRADA
[27/04/2026 11:16:07] - GALAXY_CMD: SISTEMA INICIALIZADO
[27/04/2026 11:16:39] - GALAXY_CMD: SISTEMA INICIALIZADO
[27/04/2026 11:18:39] - GALAXY_CMD: SISTEMA INICIALIZADO
[27/04/2026 11:22:55] - GALAXY_CMD: SISTEMA INICIALIZADO
[27/04/2026 11:25:42] - GALAXY_CMD: SISTEMA INICIALIZADO
[27/04/2026 11:25:58] - GALAXY_CMD: SISTEMA INICIALIZADO
[27/04/2026 11:28:23] - GALAXY_CMD: SISTEMA INICIALIZADO
[27/04/2026 11:28:44] - GALAXY_CMD: SISTEMA INICIALIZADO
[27/04/2026 11:29:05] - GALAXY_CMD: NOVO PERFIL: Bruno
[27/04/2026 11:29:21] - GALAXY_CMD: AUTENTICAÇÃO DE NÍVEL MESTRE CONCEDIDA
